SF:lib/features/listen_audio/models/audio_file.dart
DA:15,1
DA:23,0
DA:24,0
DA:26,0
LF:4
LH:1
end_of_record
SF:lib/features/listen_audio/models/audio_file.g.dart
DA:9,0
DA:10,0
DA:11,0
DA:12,0
DA:13,0
DA:14,0
DA:17,0
DA:18,0
DA:19,0
DA:20,0
DA:21,0
DA:22,0
LF:12
LH:0
end_of_record
SF:lib/core/network/errors/failure.dart
DA:4,0
DA:11,0
DA:14,0
DA:21,0
DA:24,0
DA:32,0
DA:35,0
DA:42,0
DA:45,0
DA:52,0
DA:55,0
DA:62,0
DA:65,0
DA:72,0
DA:75,0
DA:82,0
DA:85,0
DA:92,0
DA:95,0
DA:102,0
DA:105,0
DA:112,0
DA:115,0
DA:122,0
DA:125,0
DA:132,0
DA:135,0
LF:27
LH:0
end_of_record
